#
# A fatal error has been detected by the Java Runtime Environment:
#
#  EXCEPTION_ACCESS_VIOLATION (0xc0000005) at pc=0x0000000077548b35, pid=34828, tid=13752
#
# JRE version: Java(TM) SE Runtime Environment (8.0_66-b18) (build 1.8.0_66-b18)
# Java VM: Java HotSpot(TM) 64-Bit Server VM (25.66-b18 mixed mode windows-amd64 compressed oops)
# Problematic frame:
# V  [jvm.dll+0x128b35]
#
# Failed to write core dump. Minidumps are not enabled by default on client versions of Windows
#
# If you would like to submit a bug report, please visit:
#   http://bugreport.java.com/bugreport/crash.jsp
#

---------------  T H R E A D  ---------------

Current thread (0x000000001eba3000):  JavaThread "JDWP Transport Listener: dt_socket" daemon [_thread_in_vm, id=13752, stack(0x00000000201f0000,0x00000000202f0000)]

siginfo: ExceptionCode=0xc0000005, reading address 0xffffffffffffffff

Registers:
RAX=0x00000000202ef101, RBX=0x000000001eba3000, RCX=0x62617a696c616972, RDX=0x0000000000000000
RSP=0x00000000202ef0b0, RBP=0x62617a696c616972, RSI=0x00000000202ef1c8, RDI=0x00000000037ba340
R8 =0x000000001eba3000, R9 =0x0000000000000001, R10=0x0000000000008000, R11=0x00000000202ef000
R12=0x0000000000000000, R13=0x000000001eba3c08, R14=0x0000000000000000, R15=0x0000000000000000
RIP=0x0000000077548b35, EFLAGS=0x0000000000010206

Top of Stack: (sp=0x00000000202ef0b0)
0x00000000202ef0b0:   000000001eba3000 000000001eba3000
0x00000000202ef0c0:   00000000202ef178 000000007774e2eb
0x00000000202ef0d0:   000000001eba3000 000000007776ab4d
0x00000000202ef0e0:   0000000000000000 00000000501b9155
0x00000000202ef0f0:   000000001edefe60 00000000501c291e
0x00000000202ef100:   000000001eba3000 0000000000000000
0x00000000202ef110:   0000000000000000 0000000000000000
0x00000000202ef120:   62617a696c616972 00000000501c1a15
0x00000000202ef130:   00000000202ef1c8 00000000202ef1a0
0x00000000202ef140:   0000000000000001 000000001edefe60
0x00000000202ef150:   62617a696c616972 00000000501a53b3
0x00000000202ef160:   00000000202ef290 0000000000000001
0x00000000202ef170:   0000000000000001 000000001edefe60
0x00000000202ef180:   000000000000000a 0000000000000000
0x00000000202ef190:   0000000000000000 0000000000000000
0x00000000202ef1a0:   0000000000000001 00000000501a5571 

Instructions: (pc=0x0000000077548b35)
0x0000000077548b15:   cc cc cc cc cc cc cc cc cc cc cc 48 83 ec 28 48
0x0000000077548b25:   85 c9 75 07 33 c0 48 83 c4 28 c3 48 89 5c 24 20
0x0000000077548b35:   48 8b 19 48 85 db 74 20 48 83 fb 37 74 1a 48 8b
0x0000000077548b45:   13 48 8b cb ff 52 10 84 c0 74 0d 48 8b c3 48 8b 


Register to memory mapping:

RAX=0x00000000202ef101 is pointing into the stack for thread: 0x000000001eba3000
RBX=0x000000001eba3000 is a thread
RCX=0x62617a696c616972 is an unknown value
RDX=0x0000000000000000 is an unknown value
RSP=0x00000000202ef0b0 is pointing into the stack for thread: 0x000000001eba3000
RBP=0x62617a696c616972 is an unknown value
RSI=0x00000000202ef1c8 is pointing into the stack for thread: 0x000000001eba3000
RDI=0x00000000037ba340 is an unknown value
R8 =0x000000001eba3000 is a thread
R9 =0x0000000000000001 is an unknown value
R10=0x0000000000008000 is an unknown value
R11=0x00000000202ef000 is pointing into the stack for thread: 0x000000001eba3000
R12=0x0000000000000000 is an unknown value
R13=0x000000001eba3c08 is an unknown value
R14=0x0000000000000000 is an unknown value
R15=0x0000000000000000 is an unknown value


Stack: [0x00000000201f0000,0x00000000202f0000],  sp=0x00000000202ef0b0,  free space=1020k
Native frames: (J=compiled Java code, j=interpreted, Vv=VM code, C=native code)
V  [jvm.dll+0x128b35]
V  [jvm.dll+0x34ab4d]
C  [jdwp.dll+0x21a15]
C  [jdwp.dll+0x53b3]
C  [jdwp.dll+0x5571]
C  [jdwp.dll+0xf0a8]
C  [jdwp.dll+0x1f2d5]
C  [jdwp.dll+0x1f4aa]
V  [jvm.dll+0x1bba28]
V  [jvm.dll+0x243274]
V  [jvm.dll+0x29a0fa]
C  [msvcr100.dll+0x21d9f]
C  [msvcr100.dll+0x21e3b]
C  [KERNEL32.DLL+0x17344]
C  [ntdll.dll+0x4cc91]


---------------  P R O C E S S  ---------------

Java Threads: ( => current thread )
  0x000000001ec9b000 JavaThread "Service Thread" daemon [_thread_blocked, id=28224, stack(0x00000000208f0000,0x00000000209f0000)]
  0x000000001ec80000 JavaThread "C1 CompilerThread3" daemon [_thread_blocked, id=12592, stack(0x00000000207f0000,0x00000000208f0000)]
  0x000000001ec7a800 JavaThread "C2 CompilerThread2" daemon [_thread_blocked, id=3772, stack(0x00000000206f0000,0x00000000207f0000)]
  0x000000001ec8f000 JavaThread "C2 CompilerThread1" daemon [_thread_blocked, id=31228, stack(0x00000000205f0000,0x00000000206f0000)]
  0x000000001ec8e000 JavaThread "C2 CompilerThread0" daemon [_thread_blocked, id=22124, stack(0x00000000204f0000,0x00000000205f0000)]
  0x000000001ebbb800 JavaThread "JDWP Command Reader" daemon [_thread_in_native, id=3500, stack(0x00000000203f0000,0x00000000204f0000)]
  0x000000001ebb8800 JavaThread "JDWP Event Helper Thread" daemon [_thread_blocked, id=19896, stack(0x00000000202f0000,0x00000000203f0000)]
=>0x000000001eba3000 JavaThread "JDWP Transport Listener: dt_socket" daemon [_thread_in_vm, id=13752, stack(0x00000000201f0000,0x00000000202f0000)]
  0x000000001eb99800 JavaThread "Attach Listener" daemon [_thread_blocked, id=24408, stack(0x00000000200f0000,0x00000000201f0000)]
  0x000000001ebaa800 JavaThread "Signal Dispatcher" daemon [_thread_blocked, id=20496, stack(0x000000001fff0000,0x00000000200f0000)]
  0x0000000003a6c800 JavaThread "Finalizer" daemon [_thread_blocked, id=4724, stack(0x000000001fdf0000,0x000000001fef0000)]
  0x0000000003a66000 JavaThread "Reference Handler" daemon [_thread_blocked, id=17184, stack(0x000000001fcf0000,0x000000001fdf0000)]
  0x0000000003972800 JavaThread "main" [_thread_blocked, id=35032, stack(0x0000000003640000,0x0000000003740000)]

Other Threads:
  0x000000001eb72800 VMThread [stack: 0x000000001fbf0000,0x000000001fcf0000] [id=17648]
  0x000000001eddd800 WatcherThread [stack: 0x00000000209f0000,0x0000000020af0000] [id=36600]

VM state:not at safepoint (normal execution)

VM Mutex/Monitor currently owned by a thread: None

Heap:
 PSYoungGen      total 75264K, used 10339K [0x000000076c500000, 0x0000000771900000, 0x00000007c0000000)
  eden space 64512K, 16% used [0x000000076c500000,0x000000076cf18c70,0x0000000770400000)
  from space 10752K, 0% used [0x0000000770e80000,0x0000000770e80000,0x0000000771900000)
  to   space 10752K, 0% used [0x0000000770400000,0x0000000770400000,0x0000000770e80000)
 ParOldGen       total 172032K, used 0K [0x00000006c4e00000, 0x00000006cf600000, 0x000000076c500000)
  object space 172032K, 0% used [0x00000006c4e00000,0x00000006c4e00000,0x00000006cf600000)
 Metaspace       used 5120K, capacity 5222K, committed 5504K, reserved 1056768K
  class space    used 543K, capacity 593K, committed 640K, reserved 1048576K

Card table byte_map: [0x0000000012e30000,0x0000000013610000] byte_map_base: 0x000000000f809000

Marking Bits: (ParMarkBitMap*) 0x0000000077c2a5b0
 Begin Bits: [0x0000000014550000, 0x0000000018418000)
 End Bits:   [0x0000000018418000, 0x000000001c2e0000)

Polling page: 0x0000000001790000

CodeCache: size=245760Kb used=1355Kb max_used=1367Kb free=244404Kb
 bounds [0x0000000003a70000, 0x0000000003ce0000, 0x0000000012a70000]
 total_blobs=442 nmethods=139 adapters=224
 compilation: enabled

Compilation events (10 events):
Event: 394.564 Thread 0x000000001ec80000 nmethod 135 0x0000000003bc1a10 code [0x0000000003bc1b60, 0x0000000003bc1cd0]
Event: 394.564 Thread 0x000000001ec80000  136       3       org.eclipse.jdt.launching.internal.org.objectweb.asm.ClassReader::readUTF8 (23 bytes)
Event: 394.564 Thread 0x000000001ec80000 nmethod 136 0x0000000003bc1dd0 code [0x0000000003bc1f40, 0x0000000003bc22a8]
Event: 394.564 Thread 0x000000001ec80000  134       3       org.eclipse.jdt.launching.internal.org.objectweb.asm.SymbolTable::hash (10 bytes)
Event: 394.564 Thread 0x000000001ec80000 nmethod 134 0x0000000003bc2450 code [0x0000000003bc25c0, 0x0000000003bc27c8]
Event: 394.564 Thread 0x000000001ec80000  137       3       org.eclipse.jdt.launching.internal.org.objectweb.asm.SymbolTable::add (39 bytes)
Event: 394.564 Thread 0x000000001ec80000 nmethod 137 0x0000000003bc2890 code [0x0000000003bc2a00, 0x0000000003bc2d10]
Event: 394.564 Thread 0x000000001ec80000  138       3       org.eclipse.jdt.launching.internal.org.objectweb.asm.SymbolTable$Entry::<init> (17 bytes)
Event: 394.564 Thread 0x000000001ec80000 nmethod 138 0x0000000003bc2e90 code [0x0000000003bc3000, 0x0000000003bc31e8]
Event: 394.564 Thread 0x000000001ec8e000 nmethod 139 0x0000000003bc5f90 code [0x0000000003bc60e0, 0x0000000003bc61f8]

GC Heap History (0 events):
No events

Deoptimization events (0 events):
No events

Internal exceptions (6 events):
Event: 0.048 Thread 0x0000000003972800 Exception <a 'java/lang/NoSuchMethodError': Method sun.misc.Unsafe.defineClass(Ljava/lang/String;[BII)Ljava/lang/Class; name or signature does not match> (0x000000076c50d998) thrown at [C:\re\workspace\8-2-build-windows-amd64-cygwin\jdk8u66\5298\hotspot\srRRt1¼¨?
Event: 0.048 Thread 0x0000000003972800 Exception <a 'java/lang/NoSuchMethodError': Method sun.misc.Unsafe.prefetchRead(Ljava/lang/Object;J)V name or signature does not match> (0x000000076c50dc80) thrown at [C:\re\workspace\8-2-build-windows-amd64-cygwin\jdk8u66\5298\hotspot\src\share\vm\prims\jzäž{Õ?
Event: 0.336 Thread 0x0000000003972800 Exception <a 'java/security/PrivilegedActionException'> (0x000000076cb0a1e8) thrown at [C:\re\workspace\8-2-build-windows-amd64-cygwin\jdk8u66\5298\hotspot\src\share\vm\prims\jvm.cpp, line 1386]
Event: 0.336 Thread 0x0000000003972800 Exception <a 'java/security/PrivilegedActionException'> (0x000000076cb0a5e0) thrown at [C:\re\workspace\8-2-build-windows-amd64-cygwin\jdk8u66\5298\hotspot\src\share\vm\prims\jvm.cpp, line 1386]
Event: 0.336 Thread 0x0000000003972800 Exception <a 'java/security/PrivilegedActionException'> (0x000000076cb0e7f8) thrown at [C:\re\workspace\8-2-build-windows-amd64-cygwin\jdk8u66\5298\hotspot\src\share\vm\prims\jvm.cpp, line 1386]
Event: 0.336 Thread 0x0000000003972800 Exception <a 'java/security/PrivilegedActionException'> (0x000000076cb0ebf0) thrown at [C:\re\workspace\8-2-build-windows-amd64-cygwin\jdk8u66\5298\hotspot\src\share\vm\prims\jvm.cpp, line 1386]

Events (10 events):
Event: 394.561 Executing VM operation: GetCurrentLocation
Event: 394.561 Executing VM operation: GetCurrentLocation done
Event: 394.561 Executing VM operation: EnterInterpOnlyMode
Event: 394.561 Executing VM operation: EnterInterpOnlyMode done
Event: 394.561 Executing VM operation: ChangeSingleStep
Event: 394.561 Executing VM operation: ChangeSingleStep done
Event: 394.561 Executing VM operation: ChangeSingleStep
Event: 394.561 Executing VM operation: ChangeSingleStep done
Event: 394.565 Executing VM operation: RedefineClasses
Event: 394.565 Executing VM operation: RedefineClasses done


Dynamic libraries:
0x00007ff787380000 - 0x00007ff7873b7000 	C:\Program Files\Java\jdk1.8.0_66\bin\javaw.exe
0x0000000001b00000 - 0x0000000001cf8000 	C:\WINDOWS\SYSTEM32\ntd1l.dll
0x00000000016d0000 - 0x000000000178d000 	C:\WINDOWS\System32\kern3l32.dll
0x00007ffc0ad30000 - 0x00007ffc0af28000 	C:\WINDOWS\SYSTEM32\ntdll.dll
0x00007ffc092b0000 - 0x00007ffc0936d000 	C:\WINDOWS\System32\KERNEL32.DLL
0x00007ffc084e0000 - 0x00007ffc087d6000 	C:\WINDOWS\System32\KERNELBASE.dll
0x00007ffbe6970000 - 0x00007ffbe6ca1000 	C:\Program Files\SentinelOne\Sentinel Agent 23.4.4.223\InProcessClient64.dll
0x00007ffc090d0000 - 0x00007ffc09180000 	C:\WINDOWS\System32\ADVAPI32.dll
0x00007ffc09f20000 - 0x00007ffc09fbe000 	C:\WINDOWS\System32\msvcrt.dll
0x00007ffc08ea0000 - 0x00007ffc08f40000 	C:\WINDOWS\System32\sechost.dll
0x00007ffc09900000 - 0x00007ffc09a23000 	C:\WINDOWS\System32\RPCRT4.dll
0x00007ffc083f0000 - 0x00007ffc08417000 	C:\WINDOWS\System32\bcrypt.dll
0x00007ffc0aa40000 - 0x00007ffc0abdf000 	C:\WINDOWS\System32\USER32.dll
0x00007ffc087e0000 - 0x00007ffc08802000 	C:\WINDOWS\System32\win32u.dll
0x00007ffc09b10000 - 0x00007ffc09b3b000 	C:\WINDOWS\System32\GDI32.dll
0x00007ffc08810000 - 0x00007ffc08927000 	C:\WINDOWS\System32\gdi32full.dll
0x00007ffc089c0000 - 0x00007ffc08a5d000 	C:\WINDOWS\System32\msvcp_win.dll
0x00007ffc08b10000 - 0x00007ffc08c10000 	C:\WINDOWS\System32\ucrtbase.dll
0x00007ffbdedf0000 - 0x00007ffbdf08a000 	C:\WINDOWS\WinSxS\amd64_microsoft.windows.common-controls_6595b64144ccf1df_6.0.19041.4355_none_60b8b9eb71f62e16\COMCTL32.dll
0x00007ffc07ea0000 - 0x00007ffc07eaa000 	C:\WINDOWS\SYSTEM32\VERSION.dll
0x00007ffbfa100000 - 0x00007ffbfa10b000 	C:\WINDOWS\SYSTEM32\FLTLIB.DLL
0x00007ffc0a7f0000 - 0x00007ffc0a81f000 	C:\WINDOWS\System32\IMM32.DLL
0x0000000050220000 - 0x00000000502f2000 	C:\Program Files\Java\jdk1.8.0_66\jre\bin\msvcr100.dll
0x0000000077420000 - 0x0000000077ca9000 	C:\Program Files\Java\jdk1.8.0_66\jre\bin\server\jvm.dll
0x00007ffc0a750000 - 0x00007ffc0a758000 	C:\WINDOWS\System32\PSAPI.DLL
0x00007ffbdd1c0000 - 0x00007ffbdd1c9000 	C:\WINDOWS\SYSTEM32\WSOCK32.dll
0x00007ffc0a9d0000 - 0x00007ffc0aa3b000 	C:\WINDOWS\System32\WS2_32.dll
0x00007ffbeb930000 - 0x00007ffbeb957000 	C:\WINDOWS\SYSTEM32\WINMM.dll
0x0000000050210000 - 0x000000005021f000 	C:\Program Files\Java\jdk1.8.0_66\jre\bin\verify.dll
0x00000000501e0000 - 0x0000000050209000 	C:\Program Files\Java\jdk1.8.0_66\jre\bin\java.dll
0x00000000501a0000 - 0x00000000501d5000 	C:\Program Files\Java\jdk1.8.0_66\jre\bin\jdwp.dll
0x0000000050190000 - 0x0000000050198000 	C:\Program Files\Java\jdk1.8.0_66\jre\bin\npt.dll
0x0000000050160000 - 0x0000000050183000 	C:\Program Files\Java\jdk1.8.0_66\jre\bin\instrument.dll
0x00007ffbf1970000 - 0x00007ffbf1a1d000 	C:\Program Files\SentinelOne\Sentinel Agent 23.4.4.223\SentinelJava64.dll
0x00007ffc0abe0000 - 0x00007ffc0ac35000 	C:\WINDOWS\System32\SHLWAPI.dll
0x00007ffc09180000 - 0x00007ffc092ab000 	C:\WINDOWS\System32\ole32.dll
0x00007ffc09bc0000 - 0x00007ffc09f13000 	C:\WINDOWS\System32\combase.dll
0x0000000050140000 - 0x0000000050156000 	C:\Program Files\Java\jdk1.8.0_66\jre\bin\zip.dll
0x00007ffc09fc0000 - 0x00007ffc0a72c000 	C:\WINDOWS\System32\SHELL32.dll
0x00007ffc05ee0000 - 0x00007ffc0667d000 	C:\WINDOWS\SYSTEM32\windows.storage.dll
0x00007ffc07b20000 - 0x00007ffc07b4e000 	C:\WINDOWS\SYSTEM32\Wldp.dll
0x00007ffc08f40000 - 0x00007ffc0900d000 	C:\WINDOWS\System32\OLEAUT32.dll
0x00007ffc0ac40000 - 0x00007ffc0aced000 	C:\WINDOWS\System32\SHCORE.dll
0x00007ffc08320000 - 0x00007ffc08344000 	C:\WINDOWS\SYSTEM32\profapi.dll
0x0000000050130000 - 0x0000000050139000 	C:\Program Files\Java\jdk1.8.0_66\jre\bin\dt_socket.dll
0x00007ffbe7c60000 - 0x00007ffbe7c77000 	C:\WINDOWS\system32\napinsp.dll
0x00007ffc08930000 - 0x00007ffc089b2000 	C:\WINDOWS\System32\bcryptPrimitives.dll
0x00007ffbe7c40000 - 0x00007ffbe7c5b000 	C:\WINDOWS\system32\pnrpnsp.dll
0x00007ffc017f0000 - 0x00007ffc01805000 	C:\WINDOWS\system32\wshbth.dll
0x00007ffc007e0000 - 0x00007ffc007fd000 	C:\WINDOWS\system32\NLAapi.dll
0x00007ffc07500000 - 0x00007ffc0753b000 	C:\WINDOWS\SYSTEM32\IPHLPAPI.DLL
0x00007ffc07880000 - 0x00007ffc078ea000 	C:\WINDOWS\System32\mswsock.dll
0x00007ffc07550000 - 0x00007ffc0761a000 	C:\WINDOWS\SYSTEM32\DNSAPI.dll
0x00007ffc08d70000 - 0x00007ffc08d78000 	C:\WINDOWS\System32\NSI.dll
0x00007ffbe7c20000 - 0x00007ffbe7c32000 	C:\WINDOWS\System32\winrnr.dll
0x00007ffbfdc20000 - 0x00007ffbfdca0000 	C:\WINDOWS\System32\fwpuclnt.dll
0x00007ffbfdbf0000 - 0x00007ffbfdbfa000 	C:\Windows\System32\rasadhlp.dll
0x0000000050110000 - 0x000000005012a000 	C:\Program Files\Java\jdk1.8.0_66\jre\bin\net.dll
0x00000000500f0000 - 0x0000000050101000 	C:\Program Files\Java\jdk1.8.0_66\jre\bin\nio.dll
0x00007ffc05b60000 - 0x00007ffc05d44000 	C:\WINDOWS\SYSTEM32\dbghelp.dll

VM Arguments:
jvm_args: -agentlib:jdwp=transport=dt_socket,suspend=y,address=localhost:54058 -javaagent:C:\Users\JSuthanthirabalan\eclipse\jee-2022-09\eclipse\configuration\org.eclipse.osgi\421\0\.cp\lib\javaagent-shaded.jar -Dfile.encoding=UTF-8 -agentpath:C:\Program Files\SentinelOne\Sentinel Agent 23.4.4.223\SentinelJava64.dll 
java_command: JSONParser
java_class_path (initial): C:\Documents\Personal\Workspaces\Coding_Challenge_Workspace\CC\JSONParserProject\bin;C:\Users\JSuthanthirabalan\eclipse\jee-2022-09\eclipse\configuration\org.eclipse.osgi\421\0\.cp\lib\javaagent-shaded.jar
Launcher Type: SUN_STANDARD

Environment Variables:
JAVA_HOME=C:\Program Files\Java\jdk1.8.0_66
PATH=C:\Program Files\Java\jdk1.8.0_66\jre\bin;C:/Users/JSuthanthirabalan/.p2/pool/plugins/org.eclipse.justj.openjdk.hotspot.jre.full.win32.x86_64_17.0.9.v20231028-0858/jre/bin/server;C:/Users/JSuthanthirabalan/.p2/pool/plugins/org.eclipse.justj.openjdk.hotspot.jre.full.win32.x86_64_17.0.9.v20231028-0858/jre/bin;C:\ProgramData\Oracle\Java\javapath;C:\WINDOWS\system32;C:\WINDOWS;C:\WINDOWS\System32\Wbem;C:\WINDOWS\System32\WindowsPowerShell\v1.0\;C:\WINDOWS\System32\OpenSSH\;C:\Program Files (x86)\Riverbed\Steelhead Mobile\;C:\Program Files\Java\jdk1.8.0_66\bin;C:\Program Files\TortoiseGit\bin;C:\Program Files\TortoiseSVN\bin;C:\Program Files\nodejs\;C:\Softwares\apache-maven-3.8.6\bin;C:\Program Files\dotnet\;C:\Program Files\TortoiseSVN\bin;C:\Users\JSuthanthirabalan\AppData\Local\Microsoft\WindowsApps;C:\Users\JSuthanthirabalan\AppData\Local\Programs\Git\cmd;C:\Users\JSuthanthirabalan\AppData\Roaming\npm;C:\Users\JSuthanthirabalan\AppData\Local\Programs\Microsoft VS Code\bin;C:\Users\JSuthanthirabalan\AppData\Local\GitHubDesktop\bin;C:\Program Files (x86)\Jar2Exe Wizard\;C:\WINDOWS\System32;
USERNAME=JSuthanthirabalan
OS=Windows_NT
PROCESSOR_IDENTIFIER=Intel64 Family 6 Model 154 Stepping 4, GenuineIntel



---------------  S Y S T E M  ---------------

OS: Windows 10.0 , 64 bit Build 19041 (10.0.19041.3636)

CPU:total 12 (6 cores per cpu, 2 threads per core) family 6 model 154 stepping 4, cmov, cx8, fxsr, mmx, sse, sse2, sse3, ssse3, sse4.1, sse4.2, popcnt, avx, avx2, aes, clmul, erms, 3dnowpref, lzcnt, ht, tsc, tscinvbit, bmi1, bmi2, adx

Memory: 4k page, physical 16454352k(3445484k free), swap 60452172k(33322480k free)

vm_info: Java HotSpot(TM) 64-Bit Server VM (25.66-b18) for windows-amd64 JRE (1.8.0_66-b18), built on Nov  9 2015 10:51:13 by "java_re" with MS VC++ 10.0 (VS2010)

time: Wed Jul 03 14:20:51 2024
elapsed time: 394 seconds (0d 0h 6m 34s)

